{
  "stats": {
    "suites": 1,
    "tests": 21,
    "passes": 10,
    "pending": 0,
    "failures": 11,
    "start": "2024-04-08T13:18:30.024Z",
    "end": "2024-04-08T13:19:20.367Z",
    "duration": 50343,
    "testsRegistered": 21,
    "passPercent": 47.61904761904761,
    "pendingPercent": 0,
    "other": 0,
    "hasOther": false,
    "skipped": 0,
    "hasSkipped": false
  },
  "results": [
    {
      "uuid": "39469d6a-6ec3-40be-bd8d-4d0dc7ef496f",
      "title": "",
      "fullFile": "cypress\\e2e\\frontend\\view-product.cy.js",
      "file": "cypress\\e2e\\frontend\\view-product.cy.js",
      "beforeHooks": [],
      "afterHooks": [],
      "tests": [],
      "suites": [
        {
          "uuid": "b034299f-0a1d-446d-b7ef-fdad339935aa",
          "title": "Page /products/:productId",
          "fullFile": "",
          "file": "",
          "beforeHooks": [],
          "afterHooks": [],
          "tests": [
            {
              "title": "display product",
              "fullTitle": "Page /products/:productId display product",
              "timedOut": null,
              "duration": 96,
              "state": "passed",
              "speed": "fast",
              "pass": true,
              "fail": false,
              "pending": false,
              "context": null,
              "code": "// Note : Vérifie que tous les éléments du produit sont bien affichés\n(0, _orm.createProduct)().then(({\n  originalProduct,\n  product\n}) => {\n  cy.visit(`http://localhost:5173/products/${product.id}`);\n  cy.get(\"[data-test-product-name]\").should(\"have.text\", product.name);\n  cy.get(\"[data-test-product-description]\").should(\"have.text\", product.description);\n  cy.get(\"[data-test-product-picture]\").invoke(\"attr\", \"src\").should(\"eq\", product.pictureUrl);\n  cy.get(\"[data-test-product-price]\").should(\"contain.text\", product.originalPrice + \" €\");\n  cy.get(\"[data-test-product-end-date]\").should(\"contain.text\", originalProduct.endDate.toLocaleDateString(\"fr-FR\", {\n    year: \"numeric\",\n    month: \"long\",\n    day: \"numeric\"\n  }));\n  cy.get(\"[data-test-product-seller]\").should(\"have.text\", \"alice\").invoke(\"attr\", \"href\").should(\"contain\", _tokens.aliceId);\n});",
              "err": {},
              "uuid": "c954ad36-ccef-477d-8ede-6d78c7d02880",
              "parentUUID": "b034299f-0a1d-446d-b7ef-fdad339935aa",
              "isHook": false,
              "skipped": false
            },
            {
              "title": "finished countdown",
              "fullTitle": "Page /products/:productId finished countdown",
              "timedOut": null,
              "duration": 81,
              "state": "passed",
              "speed": "fast",
              "pass": true,
              "fail": false,
              "pending": false,
              "context": null,
              "code": "// Note : Si la date de fin de vente est passée, on affiche \"Terminé\"\n(0, _orm.createProduct)(\"past\").then(({\n  product\n}) => {\n  cy.visit(`http://localhost:5173/products/${product.id}`);\n  cy.get(\"[data-test-countdown]\").should(\"contain.text\", \"Terminé\");\n});",
              "err": {},
              "uuid": "e520737b-717e-4fe1-b19c-fa0e6e0e2253",
              "parentUUID": "b034299f-0a1d-446d-b7ef-fdad339935aa",
              "isHook": false,
              "skipped": false
            },
            {
              "title": "not finished countdown",
              "fullTitle": "Page /products/:productId not finished countdown",
              "timedOut": null,
              "duration": 76,
              "state": "passed",
              "speed": "fast",
              "pass": true,
              "fail": false,
              "pending": false,
              "context": null,
              "code": "// Note : Si la date de fin de vente est passée, on n'affiche pas \"Terminé\"\n(0, _orm.createProduct)(\"futur\").then(({\n  product\n}) => {\n  cy.visit(`http://localhost:5173/products/${product.id}`);\n  cy.get(\"[data-test-countdown]\").should(\"not.contain.text\", \"Terminé\");\n});",
              "err": {},
              "uuid": "cf73dd3b-5472-4e68-9934-5bae6652bf58",
              "parentUUID": "b034299f-0a1d-446d-b7ef-fdad339935aa",
              "isHook": false,
              "skipped": false
            },
            {
              "title": "display bids",
              "fullTitle": "Page /products/:productId display bids",
              "timedOut": null,
              "duration": 86,
              "state": "passed",
              "speed": "fast",
              "pass": true,
              "fail": false,
              "pending": false,
              "context": null,
              "code": "// Note : Vérifie que tous les éléments des offres du produit sont bien affichés\n(0, _orm.createBid)(_tokens.casserolesId, 200, _tokens.bobToken).then(({\n  bid\n}) => {\n  cy.visit(`http://localhost:5173/products/${_tokens.casserolesId}`);\n  cy.get(\"[data-test-bid]\").should(\"have.length\", 4);\n  cy.get(\"[data-test-bid]\").first().find(\"[data-test-bid-bidder]\").should(\"have.text\", \"charly\").invoke(\"attr\", \"href\").should(\"contain\", _tokens.charlyId);\n  cy.get(\"[data-test-bid]\").first().find(\"[data-test-bid-price]\").should(\"contain.text\", \"65 €\");\n  cy.get(\"[data-test-bid]\").last().find(\"[data-test-bid-bidder]\").should(\"have.text\", \"bob\").invoke(\"attr\", \"href\").should(\"contain\", _tokens.bobId);\n  cy.get(\"[data-test-bid]\").last().find(\"[data-test-bid-price]\").should(\"contain.text\", bid.price + \" €\");\n  cy.get(\"[data-test-bid]\").last().find(\"[data-test-bid-date]\").should(\"contain.text\", new Date().toLocaleDateString(\"fr-FR\", {\n    year: \"numeric\",\n    month: \"long\",\n    day: \"numeric\"\n  }));\n});",
              "err": {},
              "uuid": "510c746d-8569-40c6-9395-4e9dcf090da4",
              "parentUUID": "b034299f-0a1d-446d-b7ef-fdad339935aa",
              "isHook": false,
              "skipped": false
            },
            {
              "title": "some bids",
              "fullTitle": "Page /products/:productId some bids",
              "timedOut": null,
              "duration": 4448,
              "state": "failed",
              "speed": null,
              "pass": false,
              "fail": true,
              "pending": false,
              "context": null,
              "code": "// Note : Si au moins une offre existe, on affiche le tableau\ncy.visit(`http://localhost:5173/products/${_tokens.casserolesId}`);\ncy.get(\"[data-test-bids]\").should(\"exist\");\ncy.get(\"[data-test-no-bids]\").should(\"not.exist\");",
              "err": {
                "message": "AssertionError: Timed out retrying after 4000ms: Expected to find element: `[data-test-bids]`, but never found it.",
                "estack": "AssertionError: Timed out retrying after 4000ms: Expected to find element: `[data-test-bids]`, but never found it.\n    at Context.eval (webpack://frontend/./cypress/e2e/frontend/view-product.cy.js:127:31)\n    at runnable.fn (http://localhost:5173/__cypress/runner/cypress_runner.js:138654:19)\n    at callFn (http://localhost:5173/__cypress/runner/cypress_runner.js:157261:21)\n    at Runnable.run (http://localhost:5173/__cypress/runner/cypress_runner.js:157248:7)\n    at <unknown> (http://localhost:5173/__cypress/runner/cypress_runner.js:163172:30)\n    at PassThroughHandlerContext.finallyHandler (http://localhost:5173/__cypress/runner/cypress_runner.js:4072:23)\n    at PassThroughHandlerContext.tryCatcher (http://localhost:5173/__cypress/runner/cypress_runner.js:1807:23)\n    at Promise._settlePromiseFromHandler (http://localhost:5173/__cypress/runner/cypress_runner.js:1519:31)",
                "diff": null
              },
              "uuid": "5fb83db8-63c4-4fc6-a829-30a3486cc5f9",
              "parentUUID": "b034299f-0a1d-446d-b7ef-fdad339935aa",
              "isHook": false,
              "skipped": false
            },
            {
              "title": "no bids",
              "fullTitle": "Page /products/:productId no bids",
              "timedOut": null,
              "duration": 69,
              "state": "passed",
              "speed": "fast",
              "pass": true,
              "fail": false,
              "pending": false,
              "context": null,
              "code": "(0, _orm.createProduct)().then(({\n  product\n}) => {\n  // Note : Si aucune une offre ,'existe, on masque le tableau\n  cy.visit(`http://localhost:5173/products/${product.id}`);\n  cy.get(\"[data-test-bids]\").should(\"not.exist\");\n  cy.get(\"[data-test-no-bids]\").should(\"exist\");\n});",
              "err": {},
              "uuid": "62bbeb2c-94d8-49b8-83c3-2bf53f977b51",
              "parentUUID": "b034299f-0a1d-446d-b7ef-fdad339935aa",
              "isHook": false,
              "skipped": false
            },
            {
              "title": "only seller and admin can edit or delete product",
              "fullTitle": "Page /products/:productId only seller and admin can edit or delete product",
              "timedOut": null,
              "duration": 4286,
              "state": "failed",
              "speed": null,
              "pass": false,
              "fail": true,
              "pending": false,
              "context": null,
              "code": "// Note : Vérifie que l'admin a accès aux boutons d'édition et de suppression\n// Note : Vérifie que l'utilisateur vendeur du produit a accès aux boutons d'édition et de suppression\n// Note : Vérifie qu'un utilisateur non vendeur du produit n'a pas accès aux boutons d'édition et de suppression\ncy.visit(`http://localhost:5173/products/${_tokens.casserolesId}`, {\n  onBeforeLoad: function (window) {\n    window.localStorage.setItem(\"token\", _tokens.adminToken);\n  }\n});\ncy.get(\"[data-test-edit-product]\").should(\"exist\");\ncy.get(\"[data-test-delete-product]\").should(\"exist\");\ncy.visit(`http://localhost:5173/products/${_tokens.casserolesId}`, {\n  onBeforeLoad: function (window) {\n    window.localStorage.setItem(\"token\", _tokens.aliceToken);\n  }\n});\ncy.get(\"[data-test-edit-product]\").should(\"exist\");\ncy.get(\"[data-test-delete-product]\").should(\"exist\");\ncy.visit(`http://localhost:5173/products/${_tokens.casserolesId}`, {\n  onBeforeLoad: function (window) {\n    window.localStorage.setItem(\"token\", _tokens.bobToken);\n  }\n});\ncy.get(\"[data-test-edit-product]\").should(\"not.exist\");\ncy.get(\"[data-test-delete-product]\").should(\"not.exist\");",
              "err": {
                "message": "AssertionError: Timed out retrying after 4000ms: Expected to find element: `[data-test-edit-product]`, but never found it.",
                "estack": "AssertionError: Timed out retrying after 4000ms: Expected to find element: `[data-test-edit-product]`, but never found it.\n    at Context.eval (webpack://frontend/./cypress/e2e/frontend/view-product.cy.js:153:39)\n    at runnable.fn (http://localhost:5173/__cypress/runner/cypress_runner.js:138654:19)\n    at callFn (http://localhost:5173/__cypress/runner/cypress_runner.js:157261:21)\n    at Runnable.run (http://localhost:5173/__cypress/runner/cypress_runner.js:157248:7)\n    at <unknown> (http://localhost:5173/__cypress/runner/cypress_runner.js:163172:30)\n    at PassThroughHandlerContext.finallyHandler (http://localhost:5173/__cypress/runner/cypress_runner.js:4072:23)\n    at PassThroughHandlerContext.tryCatcher (http://localhost:5173/__cypress/runner/cypress_runner.js:1807:23)\n    at Promise._settlePromiseFromHandler (http://localhost:5173/__cypress/runner/cypress_runner.js:1519:31)",
                "diff": null
              },
              "uuid": "0cfb4d49-ee49-4dc0-a216-ab5bc1c47d4b",
              "parentUUID": "b034299f-0a1d-446d-b7ef-fdad339935aa",
              "isHook": false,
              "skipped": false
            },
            {
              "title": "product edition button",
              "fullTitle": "Page /products/:productId product edition button",
              "timedOut": null,
              "duration": 4306,
              "state": "failed",
              "speed": null,
              "pass": false,
              "fail": true,
              "pending": false,
              "context": null,
              "code": "// Note : Vérifie que bouton d'édition d'un produit cible le bon endroit\ncy.visit(`http://localhost:5173/products/${_tokens.casserolesId}`, {\n  onBeforeLoad: function (window) {\n    window.localStorage.setItem(\"token\", _tokens.aliceToken);\n  }\n});\ncy.get(\"[data-test-edit-product]\").should(\"exist\").invoke(\"attr\", \"href\").should(\"contain\", _tokens.casserolesId).should(\"contain\", \"/edit\");",
              "err": {
                "message": "AssertionError: Timed out retrying after 4000ms: Expected to find element: `[data-test-edit-product]`, but never found it.",
                "estack": "AssertionError: Timed out retrying after 4000ms: Expected to find element: `[data-test-edit-product]`, but never found it.\n    at Context.eval (webpack://frontend/./cypress/e2e/frontend/view-product.cy.js:185:7)\n    at runnable.fn (http://localhost:5173/__cypress/runner/cypress_runner.js:138654:19)\n    at callFn (http://localhost:5173/__cypress/runner/cypress_runner.js:157261:21)\n    at Runnable.run (http://localhost:5173/__cypress/runner/cypress_runner.js:157248:7)\n    at <unknown> (http://localhost:5173/__cypress/runner/cypress_runner.js:163172:30)\n    at PassThroughHandlerContext.finallyHandler (http://localhost:5173/__cypress/runner/cypress_runner.js:4072:23)\n    at PassThroughHandlerContext.tryCatcher (http://localhost:5173/__cypress/runner/cypress_runner.js:1807:23)\n    at Promise._settlePromiseFromHandler (http://localhost:5173/__cypress/runner/cypress_runner.js:1519:31)",
                "diff": null
              },
              "uuid": "0836eed6-bc65-410f-a232-81f32c912a53",
              "parentUUID": "b034299f-0a1d-446d-b7ef-fdad339935aa",
              "isHook": false,
              "skipped": false
            },
            {
              "title": "product deletion button",
              "fullTitle": "Page /products/:productId product deletion button",
              "timedOut": null,
              "duration": 191,
              "state": "passed",
              "speed": "fast",
              "pass": true,
              "fail": false,
              "pending": false,
              "context": null,
              "code": "// Note : Vérifie que bouton de suppression d'un produit supprime bien le produit\ncy.visit(`http://localhost:5173/products/${_tokens.casserolesId}`, {\n  onBeforeLoad: function (window) {\n    window.localStorage.setItem(\"token\", _tokens.aliceToken);\n  }\n});\n(0, _orm.getProducts)().then(({\n  products: productsBeforeDeletion\n}) => {\n  cy.get(\"[data-test-delete-product]\").click();\n  (0, _orm.getProducts)().then(({\n    products: productsAfterDeletion\n  }) => {\n    expect(productsBeforeDeletion.length).to.be.greaterThan(productsAfterDeletion.length);\n  });\n});",
              "err": {},
              "uuid": "2f4d9500-b641-4cdb-8fc0-5faf6fa76abb",
              "parentUUID": "b034299f-0a1d-446d-b7ef-fdad339935aa",
              "isHook": false,
              "skipped": false
            },
            {
              "title": "admin can delete bid",
              "fullTitle": "Page /products/:productId admin can delete bid",
              "timedOut": null,
              "duration": 4284,
              "state": "failed",
              "speed": null,
              "pass": false,
              "fail": true,
              "pending": false,
              "context": null,
              "code": "// Note : Vérifie que l'admin peut supprimer n'importe quel offre\ncy.visit(`http://localhost:5173/products/${_tokens.casserolesId}`, {\n  onBeforeLoad: function (window) {\n    window.localStorage.setItem(\"token\", _tokens.adminToken);\n  }\n});\ncy.get(\"[data-test-delete-bid]\").should(\"have.length\", 3);",
              "err": {
                "message": "AssertionError: Timed out retrying after 4000ms: Expected to find element: `[data-test-delete-bid]`, but never found it.",
                "estack": "AssertionError: Timed out retrying after 4000ms: Expected to find element: `[data-test-delete-bid]`, but never found it.\n    at Context.eval (webpack://frontend/./cypress/e2e/frontend/view-product.cy.js:220:37)\n    at runnable.fn (http://localhost:5173/__cypress/runner/cypress_runner.js:138654:19)\n    at callFn (http://localhost:5173/__cypress/runner/cypress_runner.js:157261:21)\n    at Runnable.run (http://localhost:5173/__cypress/runner/cypress_runner.js:157248:7)\n    at <unknown> (http://localhost:5173/__cypress/runner/cypress_runner.js:163172:30)\n    at PassThroughHandlerContext.finallyHandler (http://localhost:5173/__cypress/runner/cypress_runner.js:4072:23)\n    at PassThroughHandlerContext.tryCatcher (http://localhost:5173/__cypress/runner/cypress_runner.js:1807:23)\n    at Promise._settlePromiseFromHandler (http://localhost:5173/__cypress/runner/cypress_runner.js:1519:31)",
                "diff": null
              },
              "uuid": "50a3e55a-3df9-4983-82a5-c697ce35b6d5",
              "parentUUID": "b034299f-0a1d-446d-b7ef-fdad339935aa",
              "isHook": false,
              "skipped": false
            },
            {
              "title": "bidder can delete bid",
              "fullTitle": "Page /products/:productId bidder can delete bid",
              "timedOut": null,
              "duration": 4298,
              "state": "failed",
              "speed": null,
              "pass": false,
              "fail": true,
              "pending": false,
              "context": null,
              "code": "// Note : Vérifie qu'une offre est supprimable par l'utilisateur l'ayant fait\ncy.visit(`http://localhost:5173/products/${_tokens.casserolesId}`, {\n  onBeforeLoad: function (window) {\n    window.localStorage.setItem(\"token\", _tokens.bobToken);\n  }\n});\ncy.get(\"[data-test-delete-bid]\").should(\"have.length\", 1);\ncy.visit(`http://localhost:5173/products/${_tokens.casserolesId}`, {\n  onBeforeLoad: function (window) {\n    window.localStorage.setItem(\"token\", _tokens.charlyToken);\n  }\n});\ncy.get(\"[data-test-delete-bid]\").should(\"have.length\", 2);",
              "err": {
                "message": "AssertionError: Timed out retrying after 4000ms: Expected to find element: `[data-test-delete-bid]`, but never found it.",
                "estack": "AssertionError: Timed out retrying after 4000ms: Expected to find element: `[data-test-delete-bid]`, but never found it.\n    at Context.eval (webpack://frontend/./cypress/e2e/frontend/view-product.cy.js:232:37)\n    at runnable.fn (http://localhost:5173/__cypress/runner/cypress_runner.js:138654:19)\n    at callFn (http://localhost:5173/__cypress/runner/cypress_runner.js:157261:21)\n    at Runnable.run (http://localhost:5173/__cypress/runner/cypress_runner.js:157248:7)\n    at <unknown> (http://localhost:5173/__cypress/runner/cypress_runner.js:163172:30)\n    at PassThroughHandlerContext.finallyHandler (http://localhost:5173/__cypress/runner/cypress_runner.js:4072:23)\n    at PassThroughHandlerContext.tryCatcher (http://localhost:5173/__cypress/runner/cypress_runner.js:1807:23)\n    at Promise._settlePromiseFromHandler (http://localhost:5173/__cypress/runner/cypress_runner.js:1519:31)",
                "diff": null
              },
              "uuid": "06f3803c-d553-404c-ae17-557e2caa875d",
              "parentUUID": "b034299f-0a1d-446d-b7ef-fdad339935aa",
              "isHook": false,
              "skipped": false
            },
            {
              "title": "not bidder cannot delete bid",
              "fullTitle": "Page /products/:productId not bidder cannot delete bid",
              "timedOut": null,
              "duration": 172,
              "state": "passed",
              "speed": "fast",
              "pass": true,
              "fail": false,
              "pending": false,
              "context": null,
              "code": "// Note : Vérifie qu'une offre n'est supprimable par un utilisateur ne l'ayant pas fait\ncy.visit(`http://localhost:5173/products/${_tokens.casserolesId}`, {\n  onBeforeLoad: function (window) {\n    window.localStorage.setItem(\"token\", _tokens.aliceToken);\n  }\n});\ncy.get(\"[data-test-delete-bid]\").should(\"have.length\", 0);",
              "err": {},
              "uuid": "b70db29c-1b59-41d5-8069-fa29dfda34d2",
              "parentUUID": "b034299f-0a1d-446d-b7ef-fdad339935aa",
              "isHook": false,
              "skipped": false
            },
            {
              "title": "bid deletion button",
              "fullTitle": "Page /products/:productId bid deletion button",
              "timedOut": null,
              "duration": 4294,
              "state": "failed",
              "speed": null,
              "pass": false,
              "fail": true,
              "pending": false,
              "context": null,
              "code": "// Note : Vérifie que le bouton de suppression d'une offre fonctionne bien\ncy.visit(`http://localhost:5173/products/${_tokens.casserolesId}`, {\n  onBeforeLoad: function (window) {\n    window.localStorage.setItem(\"token\", _tokens.bobToken);\n  }\n});\ncy.get(\"[data-test-delete-bid]\").should(\"have.length\", 1);\n(0, _orm.getProduct)(_tokens.casserolesId).then(({\n  product: productBeforeBidDeletion\n}) => {\n  cy.get(\"[data-test-delete-bid]\").click();\n  cy.get(\"[data-test-delete-bid]\").should(\"have.length\", 0);\n  (0, _orm.getProduct)(_tokens.casserolesId).then(({\n    product: productAfterBidDeletion\n  }) => {\n    expect(productBeforeBidDeletion.bids.length).to.be.greaterThan(productAfterBidDeletion.bids.length);\n  });\n});",
              "err": {
                "message": "AssertionError: Timed out retrying after 4000ms: Expected to find element: `[data-test-delete-bid]`, but never found it.",
                "estack": "AssertionError: Timed out retrying after 4000ms: Expected to find element: `[data-test-delete-bid]`, but never found it.\n    at Context.eval (webpack://frontend/./cypress/e2e/frontend/view-product.cy.js:264:37)\n    at runnable.fn (http://localhost:5173/__cypress/runner/cypress_runner.js:138654:19)\n    at callFn (http://localhost:5173/__cypress/runner/cypress_runner.js:157261:21)\n    at Runnable.run (http://localhost:5173/__cypress/runner/cypress_runner.js:157248:7)\n    at <unknown> (http://localhost:5173/__cypress/runner/cypress_runner.js:163172:30)\n    at PassThroughHandlerContext.finallyHandler (http://localhost:5173/__cypress/runner/cypress_runner.js:4072:23)\n    at PassThroughHandlerContext.tryCatcher (http://localhost:5173/__cypress/runner/cypress_runner.js:1807:23)\n    at Promise._settlePromiseFromHandler (http://localhost:5173/__cypress/runner/cypress_runner.js:1519:31)",
                "diff": null
              },
              "uuid": "efb2c8e9-4f69-47dc-896d-106ccb592f6e",
              "parentUUID": "b034299f-0a1d-446d-b7ef-fdad339935aa",
              "isHook": false,
              "skipped": false
            },
            {
              "title": "only seller cannot add a bid",
              "fullTitle": "Page /products/:productId only seller cannot add a bid",
              "timedOut": null,
              "duration": 4353,
              "state": "failed",
              "speed": null,
              "pass": false,
              "fail": true,
              "pending": false,
              "context": null,
              "code": "// Note : Vérifie que le vendeur ne peut pas faire d'offre sur son produit\n// Note : Vérifie qu'un non-vendeur peut faire une offre sur le produit\ncy.visit(`http://localhost:5173/products/${_tokens.casserolesId}`, {\n  onBeforeLoad: function (window) {\n    window.localStorage.setItem(\"token\", _tokens.aliceToken);\n  }\n});\ncy.get(\"[data-test-submit-bid]\").should(\"not.exist\");\ncy.visit(`http://localhost:5173/products/${_tokens.casserolesId}`, {\n  onBeforeLoad: function (window) {\n    window.localStorage.setItem(\"token\", _tokens.bobToken);\n  }\n});\ncy.get(\"[data-test-submit-bid]\").should(\"exist\");",
              "err": {
                "message": "AssertionError: Timed out retrying after 4000ms: Expected to find element: `[data-test-submit-bid]`, but never found it.",
                "estack": "AssertionError: Timed out retrying after 4000ms: Expected to find element: `[data-test-submit-bid]`, but never found it.\n    at Context.eval (webpack://frontend/./cypress/e2e/frontend/view-product.cy.js:296:37)\n    at runnable.fn (http://localhost:5173/__cypress/runner/cypress_runner.js:138654:19)\n    at callFn (http://localhost:5173/__cypress/runner/cypress_runner.js:157261:21)\n    at Runnable.run (http://localhost:5173/__cypress/runner/cypress_runner.js:157248:7)\n    at <unknown> (http://localhost:5173/__cypress/runner/cypress_runner.js:163172:30)\n    at PassThroughHandlerContext.finallyHandler (http://localhost:5173/__cypress/runner/cypress_runner.js:4072:23)\n    at PassThroughHandlerContext.tryCatcher (http://localhost:5173/__cypress/runner/cypress_runner.js:1807:23)\n    at Promise._settlePromiseFromHandler (http://localhost:5173/__cypress/runner/cypress_runner.js:1519:31)",
                "diff": null
              },
              "uuid": "8e080747-f47f-4ac0-a491-d118605a8e40",
              "parentUUID": "b034299f-0a1d-446d-b7ef-fdad339935aa",
              "isHook": false,
              "skipped": false
            },
            {
              "title": "require minimum bid amount",
              "fullTitle": "Page /products/:productId require minimum bid amount",
              "timedOut": null,
              "duration": 4328,
              "state": "failed",
              "speed": null,
              "pass": false,
              "fail": true,
              "pending": false,
              "context": null,
              "code": "// Note : Vérifie que le formulaire d'offre est validable seulement quand l'offre est supérieur au prix de départ et à la plus haute offre\ncy.visit(`http://localhost:5173/products/${_tokens.casserolesId}`, {\n  onBeforeLoad: function (window) {\n    window.localStorage.setItem(\"token\", _tokens.bobToken);\n  }\n});\ncy.get(\"[data-test-bid-form-price]\").type(\"{selectAll}{del}\").type(100);\ncy.get(\"[data-test-submit-bid]\").should(\"have.attr\", \"disabled\");\ncy.get(\"[data-test-bid-form-price]\").type(\"{selectAll}{del}\").type(200);\ncy.get(\"[data-test-submit-bid]\").should(\"not.have.attr\", \"disabled\");",
              "err": {
                "message": "AssertionError: Timed out retrying after 4000ms: Expected to find element: `[data-test-bid-form-price]`, but never found it.",
                "estack": "AssertionError: Timed out retrying after 4000ms: Expected to find element: `[data-test-bid-form-price]`, but never found it.\n    at Context.eval (webpack://frontend/./cypress/e2e/frontend/view-product.cy.js:308:7)\n    at runnable.fn (http://localhost:5173/__cypress/runner/cypress_runner.js:138654:19)\n    at callFn (http://localhost:5173/__cypress/runner/cypress_runner.js:157261:21)\n    at Runnable.run (http://localhost:5173/__cypress/runner/cypress_runner.js:157248:7)\n    at <unknown> (http://localhost:5173/__cypress/runner/cypress_runner.js:163172:30)\n    at PassThroughHandlerContext.finallyHandler (http://localhost:5173/__cypress/runner/cypress_runner.js:4072:23)\n    at PassThroughHandlerContext.tryCatcher (http://localhost:5173/__cypress/runner/cypress_runner.js:1807:23)\n    at Promise._settlePromiseFromHandler (http://localhost:5173/__cypress/runner/cypress_runner.js:1519:31)",
                "diff": null
              },
              "uuid": "62f8627c-472c-42fc-bfcf-27b5c78b419d",
              "parentUUID": "b034299f-0a1d-446d-b7ef-fdad339935aa",
              "isHook": false,
              "skipped": false
            },
            {
              "title": "preset minimum bid amount",
              "fullTitle": "Page /products/:productId preset minimum bid amount",
              "timedOut": null,
              "duration": 106,
              "state": "passed",
              "speed": "fast",
              "pass": true,
              "fail": false,
              "pending": false,
              "context": null,
              "code": "// Note : Vérifie que le formulaire d'offre vaut part défaut le prix de la plus haute offre + 1€\n(0, _orm.createProduct)(\"futur\", _tokens.aliceToken).then(({\n  product\n}) => {\n  (0, _orm.createBid)(product.id, product.originalPrice, _tokens.bobToken).then(({\n    bid\n  }) => {\n    cy.visit(`http://localhost:5173/products/${product.id}`, {\n      onBeforeLoad: function (window) {\n        window.localStorage.setItem(\"token\", _tokens.charlyToken);\n      }\n    });\n    cy.get(\"[data-test-bid-form-price]\").should(\"have.value\", bid.price + 1);\n  });\n});",
              "err": {},
              "uuid": "e752d0af-c411-45d3-ab72-c81bea497fd2",
              "parentUUID": "b034299f-0a1d-446d-b7ef-fdad339935aa",
              "isHook": false,
              "skipped": false
            },
            {
              "title": "add a bid",
              "fullTitle": "Page /products/:productId add a bid",
              "timedOut": null,
              "duration": 4329,
              "state": "failed",
              "speed": null,
              "pass": false,
              "fail": true,
              "pending": false,
              "context": null,
              "code": "// Note : Vérifie que la soumission du formulaire d'offre ajoute bien une offre\ncy.visit(`http://localhost:5173/products/${_tokens.casserolesId}`, {\n  onBeforeLoad: function (window) {\n    window.localStorage.setItem(\"token\", _tokens.bobToken);\n  }\n});\ncy.get(\"[data-test-bid-form-price]\").type(\"{selectAll}{del}\").type(200);\n(0, _orm.getProduct)(_tokens.casserolesId).then(({\n  product: productBeforeBidAddition\n}) => {\n  cy.get(\"[data-test-submit-bid]\").click();\n  (0, _orm.getProduct)(_tokens.casserolesId).then(({\n    product: productAfterBidAddition\n  }) => {\n    expect(productAfterBidAddition.bids.length).greaterThan(productBeforeBidAddition.bids.length);\n    const lastBid = productAfterBidAddition.bids[productAfterBidAddition.bids.length - 1];\n    expect(lastBid.price).to.eq(200);\n  });\n});",
              "err": {
                "message": "AssertionError: Timed out retrying after 4000ms: Expected to find element: `[data-test-bid-form-price]`, but never found it.",
                "estack": "AssertionError: Timed out retrying after 4000ms: Expected to find element: `[data-test-bid-form-price]`, but never found it.\n    at Context.eval (webpack://frontend/./cypress/e2e/frontend/view-product.cy.js:344:7)\n    at runnable.fn (http://localhost:5173/__cypress/runner/cypress_runner.js:138654:19)\n    at callFn (http://localhost:5173/__cypress/runner/cypress_runner.js:157261:21)\n    at Runnable.run (http://localhost:5173/__cypress/runner/cypress_runner.js:157248:7)\n    at <unknown> (http://localhost:5173/__cypress/runner/cypress_runner.js:163172:30)\n    at PassThroughHandlerContext.finallyHandler (http://localhost:5173/__cypress/runner/cypress_runner.js:4072:23)\n    at PassThroughHandlerContext.tryCatcher (http://localhost:5173/__cypress/runner/cypress_runner.js:1807:23)\n    at Promise._settlePromiseFromHandler (http://localhost:5173/__cypress/runner/cypress_runner.js:1519:31)",
                "diff": null
              },
              "uuid": "36973495-1816-473c-8cb7-1756fb86918e",
              "parentUUID": "b034299f-0a1d-446d-b7ef-fdad339935aa",
              "isHook": false,
              "skipped": false
            },
            {
              "title": "pending countdown",
              "fullTitle": "Page /products/:productId pending countdown",
              "timedOut": null,
              "duration": 101,
              "state": "passed",
              "speed": "fast",
              "pass": true,
              "fail": false,
              "pending": false,
              "context": null,
              "code": "// Note : Vérifie le décompte du compte à rebours, afficher au format 9j 23h 59m 59s\n(0, _orm.createProduct)(\"ten_days_later\").then(({\n  product\n}) => {\n  cy.visit(`http://localhost:5173/products/${product.id}`);\n  cy.get(\"[data-test-countdown]\").should(\"contain.text\", \"9j 23h 59min\");\n  cy.get(\"[data-test-countdown]\").then(el => {\n    const instantOne = el.text();\n    expect(instantOne).to.match(/\\ds$/);\n    // eslint-disable-next-line cypress/no-unnecessary-waiting\n    cy.wait(1000);\n    cy.get(\"[data-test-countdown]\").then(el => {\n      const instantTwo = el.text();\n      expect(instantOne).to.match(/\\ds$/);\n      // eslint-disable-next-line cypress/no-unnecessary-waiting\n      cy.wait(1000);\n      expect(instantTwo).not.eq(instantOne);\n      cy.get(\"[data-test-countdown]\").then(el => {\n        const instantThree = el.text();\n        expect(instantOne).to.match(/\\ds$/);\n        // eslint-disable-next-line cypress/no-unnecessary-waiting\n        cy.wait(1000);\n        expect(instantThree).not.eq(instantTwo);\n      });\n    });\n  });\n});",
              "err": {},
              "uuid": "1b9917a8-ac38-425b-85bc-a63524fca27d",
              "parentUUID": "b034299f-0a1d-446d-b7ef-fdad339935aa",
              "isHook": false,
              "skipped": false
            },
            {
              "title": "loading",
              "fullTitle": "Page /products/:productId loading",
              "timedOut": null,
              "duration": 191,
              "state": "passed",
              "speed": "fast",
              "pass": true,
              "fail": false,
              "pending": false,
              "context": null,
              "code": "// Note : Vérifie la présence d'un spinner au chargement\ncy.intercept(\"http://localhost:3000/api/products\", {\n  delay: 10000\n});\ncy.visit(`http://localhost:5173/products/${_tokens.casserolesId}`);\ncy.get(\"[data-test-loading]\").should(\"exist\");\ncy.get(\"[data-test-error]\").should(\"not.exist\");\ncy.get(\"[data-test-product]\").should(\"not.exist\");",
              "err": {},
              "uuid": "275f9aba-ed87-4e0c-b069-1a133de2e7d1",
              "parentUUID": "b034299f-0a1d-446d-b7ef-fdad339935aa",
              "isHook": false,
              "skipped": false
            },
            {
              "title": "error message",
              "fullTitle": "Page /products/:productId error message",
              "timedOut": null,
              "duration": 4322,
              "state": "failed",
              "speed": null,
              "pass": false,
              "fail": true,
              "pending": false,
              "context": null,
              "code": "// Note : Vérifie la présence d'une erreur en cas d'échec de chargement\ncy.intercept(`http://localhost:3000/api/products/${_tokens.casserolesId}`, {\n  statusCode: 500\n});\ncy.visit(`http://localhost:5173/products/${_tokens.casserolesId}`);\ncy.get(\"[data-test-loading]\").should(\"not.exist\");\ncy.get(\"[data-test-error]\").should(\"exist\");\ncy.get(\"[data-test-product]\").should(\"not.exist\");",
              "err": {
                "message": "AssertionError: Timed out retrying after 4000ms: Expected <div.text-center.mt-4> not to exist in the DOM, but it was continuously found.",
                "estack": "AssertionError: Timed out retrying after 4000ms: Expected <div.text-center.mt-4> not to exist in the DOM, but it was continuously found.\n    at Context.eval (webpack://frontend/./cypress/e2e/frontend/view-product.cy.js:421:34)\n    at runnable.fn (http://localhost:5173/__cypress/runner/cypress_runner.js:138654:19)\n    at callFn (http://localhost:5173/__cypress/runner/cypress_runner.js:157261:21)\n    at Runnable.run (http://localhost:5173/__cypress/runner/cypress_runner.js:157248:7)\n    at <unknown> (http://localhost:5173/__cypress/runner/cypress_runner.js:163172:30)\n    at PassThroughHandlerContext.finallyHandler (http://localhost:5173/__cypress/runner/cypress_runner.js:4072:23)\n    at PassThroughHandlerContext.tryCatcher (http://localhost:5173/__cypress/runner/cypress_runner.js:1807:23)\n    at Promise._settlePromiseFromHandler (http://localhost:5173/__cypress/runner/cypress_runner.js:1519:31)",
                "diff": null
              },
              "uuid": "c0208b39-2a54-4362-996f-16095d45f783",
              "parentUUID": "b034299f-0a1d-446d-b7ef-fdad339935aa",
              "isHook": false,
              "skipped": false
            },
            {
              "title": "ready",
              "fullTitle": "Page /products/:productId ready",
              "timedOut": null,
              "duration": 4310,
              "state": "failed",
              "speed": null,
              "pass": false,
              "fail": true,
              "pending": false,
              "context": null,
              "code": "// Note : Vérifie la présence du contenu quand tout s'est bien chargé\ncy.intercept(`http://localhost:3000/api/products/${_tokens.casserolesId}`);\ncy.visit(`http://localhost:5173/products/${_tokens.casserolesId}`);\ncy.get(\"[data-test-loading]\").should(\"not.exist\");\ncy.get(\"[data-test-error]\").should(\"not.exist\");\ncy.get(\"[data-test-product]\").should(\"exist\");",
              "err": {
                "message": "AssertionError: Timed out retrying after 4000ms: Expected <div.text-center.mt-4> not to exist in the DOM, but it was continuously found.",
                "estack": "AssertionError: Timed out retrying after 4000ms: Expected <div.text-center.mt-4> not to exist in the DOM, but it was continuously found.\n    at Context.eval (webpack://frontend/./cypress/e2e/frontend/view-product.cy.js:433:34)\n    at runnable.fn (http://localhost:5173/__cypress/runner/cypress_runner.js:138654:19)\n    at callFn (http://localhost:5173/__cypress/runner/cypress_runner.js:157261:21)\n    at Runnable.run (http://localhost:5173/__cypress/runner/cypress_runner.js:157248:7)\n    at <unknown> (http://localhost:5173/__cypress/runner/cypress_runner.js:163172:30)\n    at PassThroughHandlerContext.finallyHandler (http://localhost:5173/__cypress/runner/cypress_runner.js:4072:23)\n    at PassThroughHandlerContext.tryCatcher (http://localhost:5173/__cypress/runner/cypress_runner.js:1807:23)\n    at Promise._settlePromiseFromHandler (http://localhost:5173/__cypress/runner/cypress_runner.js:1519:31)",
                "diff": null
              },
              "uuid": "6377be90-b0da-485a-9e33-e28be7989578",
              "parentUUID": "b034299f-0a1d-446d-b7ef-fdad339935aa",
              "isHook": false,
              "skipped": false
            }
          ],
          "suites": [],
          "passes": [
            "c954ad36-ccef-477d-8ede-6d78c7d02880",
            "e520737b-717e-4fe1-b19c-fa0e6e0e2253",
            "cf73dd3b-5472-4e68-9934-5bae6652bf58",
            "510c746d-8569-40c6-9395-4e9dcf090da4",
            "62bbeb2c-94d8-49b8-83c3-2bf53f977b51",
            "2f4d9500-b641-4cdb-8fc0-5faf6fa76abb",
            "b70db29c-1b59-41d5-8069-fa29dfda34d2",
            "e752d0af-c411-45d3-ab72-c81bea497fd2",
            "1b9917a8-ac38-425b-85bc-a63524fca27d",
            "275f9aba-ed87-4e0c-b069-1a133de2e7d1"
          ],
          "failures": [
            "5fb83db8-63c4-4fc6-a829-30a3486cc5f9",
            "0cfb4d49-ee49-4dc0-a216-ab5bc1c47d4b",
            "0836eed6-bc65-410f-a232-81f32c912a53",
            "50a3e55a-3df9-4983-82a5-c697ce35b6d5",
            "06f3803c-d553-404c-ae17-557e2caa875d",
            "efb2c8e9-4f69-47dc-896d-106ccb592f6e",
            "8e080747-f47f-4ac0-a491-d118605a8e40",
            "62f8627c-472c-42fc-bfcf-27b5c78b419d",
            "36973495-1816-473c-8cb7-1756fb86918e",
            "c0208b39-2a54-4362-996f-16095d45f783",
            "6377be90-b0da-485a-9e33-e28be7989578"
          ],
          "pending": [],
          "skipped": [],
          "duration": 48727,
          "root": false,
          "rootEmpty": false,
          "_timeout": 2000
        }
      ],
      "passes": [],
      "failures": [],
      "pending": [],
      "skipped": [],
      "duration": 0,
      "root": true,
      "rootEmpty": true,
      "_timeout": 2000
    }
  ],
  "meta": {
    "mocha": {
      "version": "7.0.1"
    },
    "mochawesome": {
      "options": {
        "quiet": false,
        "reportFilename": "mochawesome",
        "saveHtml": false,
        "saveJson": true,
        "consoleReporter": "spec",
        "useInlineDiffs": false,
        "code": true
      },
      "version": "7.1.3"
    },
    "marge": {
      "options": {
        "reportDir": "cypress/results",
        "overwrite": false,
        "html": false,
        "json": true
      },
      "version": "6.2.0"
    }
  }
}